
The following have been reloaded with a version change:
  1) java/21.0.1 => java/17.0.6


The following have been reloaded with a version change:
  1) java/17.0.6 => java/21.0.1

Lmod has detected the following error: The following module(s) are unknown:
"python/3.8"

Please check the spelling or version number. Also try "module spider ..."
It is also possible your cache file is out-of-date; it may help to try:
  $ module --ignore_cache load "python/3.8"

Also make sure that all modulefiles written in TCL start with the string
#%Module



Lmod has detected the following error: The following module(s) are unknown:
"python/3.8"

Please check the spelling or version number. Also try "module spider ..."
It is also possible your cache file is out-of-date; it may help to try:
  $ module --ignore_cache load "python/3.8"

Also make sure that all modulefiles written in TCL start with the string
#%Module



Traceback (most recent call last):
  File "/lustre04/scratch/reda/tahsin/reranking_fairnes/batch_stuff/../kheya_test.py", line 6, in <module>
    print(pwd)
          ^^^
NameError: name 'pwd' is not defined. Did you mean: 'pd'?
Traceback (most recent call last):
  File "/lustre04/scratch/reda/tahsin/reranking_fairnes/batch_stuff/../kheya_test.py", line 6, in <module>
    print(pwd)
          ^^^
NameError: name 'pwd' is not defined. Did you mean: 'pd'?
Traceback (most recent call last):
  File "/lustre04/scratch/reda/tahsin/reranking_fairnes/batch_stuff/../kheya_test.py", line 6, in <module>
    print(pwd)
          ^^^
NameError: name 'pwd' is not defined. Did you mean: 'pd'?
--------------------------------------------------------------------------
Primary job  terminated normally, but 1 process returned
a non-zero exit code. Per user-direction, the job has been aborted.
--------------------------------------------------------------------------
--------------------------------------------------------------------------
mpirun detected that one or more processes exited with non-zero status, thus causing
the job to be terminated. The first process to do so was:

  Process name: [[60575,1],0]
  Exit code:    1
--------------------------------------------------------------------------
