/lustre04/scratch/reda/tahsin/reranking_fairnes/batch_stuff
Loading data...
/lustre04/scratch/reda/tahsin/reranking_fairnes/batch_stuff
Loading data...
/lustre04/scratch/reda/tahsin/reranking_fairnes/batch_stuff
Loading data...
(943, 10)
(943, 10)
(943, 10)
/lustre04/scratch/reda/tahsin/reranking_fairnes/batch_stuff yo yo 
/lustre04/scratch/reda/tahsin/reranking_fairnes/batch_stuff yo yo 
/lustre04/scratch/reda/tahsin/reranking_fairnes/batch_stuff yo yo 
(1682, 24)
(1682, 24)
(1682, 24)
Data loaded in 1.40 seconds.
Data loaded in 1.41 seconds.
Data loaded in 1.42 seconds.
[793]
[793]
[793]
[793, 437]
[793, 693]
[793, 47]
[793, 437, 656]
[793, 693, 389]
[793, 47, 161]
[793, 437, 656, 430]
[793, 693, 389, 161]
[793, 47, 161, 1063]
[793, 437, 656, 430, 1063]
[793, 693, 389, 161, 324]
[793, 47, 161, 1063, 26]
[793, 437, 656, 430, 1063, 96]
[793, 693, 389, 161, 324, 78]
[793, 47, 161, 1063, 26, 321]
[793, 437, 656, 430, 1063, 96, 1192]
[793, 693, 389, 161, 324, 78, 100]
[793, 47, 161, 1063, 26, 321, 256]
[793, 437, 656, 430, 1063, 96, 1192, 307]
[793, 693, 389, 161, 324, 78, 100, 437]
[793, 47, 161, 1063, 26, 321, 256, 115]
[793, 437, 656, 430, 1063, 96, 1192, 307, 366]
[793, 693, 389, 161, 324, 78, 100, 437, 189]
[793, 47, 161, 1063, 26, 321, 256, 115, 896]
[793, 437, 656, 430, 1063, 96, 1192, 307, 366, 619]
user 0 u_calibrate [793, 437, 656, 430, 1063, 96, 1192, 307, 366, 619]
[793, 693, 389, 161, 324, 78, 100, 437, 189, 361]
user 4 u_calibrate [793, 693, 389, 161, 324, 78, 100, 437, 189, 361]
[693]
[793, 47, 161, 1063, 26, 321, 256, 115, 896, 49]
user 2 u_calibrate [793, 47, 161, 1063, 26, 321, 256, 115, 896, 49]
[693, 10]
[843]
[67]
[693, 10, 49]
[843, 656]
[67, 656]
[693, 10, 49, 389]
[843, 656, 82]
[67, 656, 430]
[693, 10, 49, 389, 220]
[67, 656, 430, 104]
[843, 656, 82, 486]
[693, 10, 49, 389, 220, 785]
[67, 656, 430, 104, 93]
[843, 656, 82, 486, 90]
[693, 10, 49, 389, 220, 785, 110]
[67, 656, 430, 104, 93, 225]
[843, 656, 82, 486, 90, 96]
[693, 10, 49, 389, 220, 785, 110, 319]
[67, 656, 430, 104, 93, 225, 404]
[843, 656, 82, 486, 90, 96, 1192]
[693, 10, 49, 389, 220, 785, 110, 319, 614]
[67, 656, 430, 104, 93, 225, 404, 525]
[843, 656, 82, 486, 90, 96, 1192, 357]
[693, 10, 49, 389, 220, 785, 110, 319, 614, 784]
user 1 u_calibrate [693, 10, 49, 389, 220, 785, 110, 319, 614, 784]
Calibration process took 332.57 seconds for Rank 0.
>>>>>>>>>>>>>>>>>>>>
[[ 793  437  656  430 1063   96 1192  307  366  619]
 [ 693   10   49  389  220  785  110  319  614  784]]
>>>>>>>>>>>>>>>>>>>>
[67, 656, 430, 104, 93, 225, 404, 525, 725]
[843, 656, 82, 486, 90, 96, 1192, 357, 191]
[67, 656, 430, 104, 93, 225, 404, 525, 725, 510]
user 3 u_calibrate [67, 656, 430, 104, 93, 225, 404, 525, 725, 510]
Calibration process took 366.41 seconds for Rank 1.
>>>>>>>>>>>>>>>>>>>>
[[ 793   47  161 1063   26  321  256  115  896   49]
 [  67  656  430  104   93  225  404  525  725  510]]
>>>>>>>>>>>>>>>>>>>>
Total script execution time: 367.89 seconds.
[843, 656, 82, 486, 90, 96, 1192, 357, 191, 566]
user 5 u_calibrate [843, 656, 82, 486, 90, 96, 1192, 357, 191, 566]
Calibration process took 368.00 seconds for Rank 2.
>>>>>>>>>>>>>>>>>>>>
[[ 793  693  389  161  324   78  100  437  189  361]
 [ 843  656   82  486   90   96 1192  357  191  566]]
>>>>>>>>>>>>>>>>>>>>
Total script execution time: 369.50 seconds.
::::::::::
[array([ 793,  437,  656,  430, 1063,   96, 1192,  307,  366,  619]), array([693,  10,  49, 389, 220, 785, 110, 319, 614, 784]), array([ 793,   47,  161, 1063,   26,  321,  256,  115,  896,   49]), array([ 67, 656, 430, 104,  93, 225, 404, 525, 725, 510]), array([793, 693, 389, 161, 324,  78, 100, 437, 189, 361]), array([ 843,  656,   82,  486,   90,   96, 1192,  357,  191,  566])]
6
::::::::::
Data writing took 0.02 seconds.
Total script execution time: 369.52 seconds.
